{"/home/maria/Hexlet projects/frontend-project-46/src/compare.js": {"path":"/home/maria/Hexlet projects/frontend-project-46/src/compare.js","all":false,"statementMap":{"0":{"start":{"line":1,"column":0},"end":{"line":1,"column":23}},"1":{"start":{"line":2,"column":0},"end":{"line":2,"column":0}},"2":{"start":{"line":3,"column":0},"end":{"line":3,"column":74}},"3":{"start":{"line":4,"column":0},"end":{"line":4,"column":0}},"4":{"start":{"line":5,"column":0},"end":{"line":5,"column":49}},"5":{"start":{"line":6,"column":0},"end":{"line":6,"column":64}},"6":{"start":{"line":7,"column":0},"end":{"line":7,"column":40}},"7":{"start":{"line":8,"column":0},"end":{"line":8,"column":3}},"8":{"start":{"line":9,"column":0},"end":{"line":9,"column":64}},"9":{"start":{"line":10,"column":0},"end":{"line":10,"column":40}},"10":{"start":{"line":11,"column":0},"end":{"line":11,"column":3}},"11":{"start":{"line":12,"column":0},"end":{"line":12,"column":34}},"12":{"start":{"line":13,"column":0},"end":{"line":13,"column":35}},"13":{"start":{"line":14,"column":0},"end":{"line":14,"column":3}},"14":{"start":{"line":15,"column":0},"end":{"line":15,"column":69}},"15":{"start":{"line":16,"column":0},"end":{"line":16,"column":2}},"16":{"start":{"line":17,"column":0},"end":{"line":17,"column":0}},"17":{"start":{"line":18,"column":0},"end":{"line":18,"column":35}},"18":{"start":{"line":19,"column":0},"end":{"line":19,"column":38}},"19":{"start":{"line":20,"column":0},"end":{"line":20,"column":49}},"20":{"start":{"line":21,"column":0},"end":{"line":21,"column":96}},"21":{"start":{"line":22,"column":0},"end":{"line":22,"column":25}},"22":{"start":{"line":23,"column":0},"end":{"line":23,"column":2}},"23":{"start":{"line":24,"column":0},"end":{"line":24,"column":0}},"24":{"start":{"line":25,"column":0},"end":{"line":25,"column":23}}},"s":{"0":1,"1":1,"2":1,"3":1,"4":1,"5":5,"6":1,"7":1,"8":5,"9":2,"10":2,"11":5,"12":1,"13":1,"14":1,"15":1,"16":1,"17":1,"18":1,"19":1,"20":1,"21":1,"22":1,"23":1,"24":1},"branchMap":{"0":{"type":"branch","line":3,"loc":{"start":{"line":3,"column":15},"end":{"line":3,"column":73}},"locations":[{"start":{"line":3,"column":15},"end":{"line":3,"column":73}}]},"1":{"type":"branch","line":5,"loc":{"start":{"line":5,"column":25},"end":{"line":16,"column":2}},"locations":[{"start":{"line":5,"column":25},"end":{"line":16,"column":2}}]},"2":{"type":"branch","line":6,"loc":{"start":{"line":6,"column":32},"end":{"line":6,"column":61}},"locations":[{"start":{"line":6,"column":32},"end":{"line":6,"column":61}}]},"3":{"type":"branch","line":6,"loc":{"start":{"line":6,"column":63},"end":{"line":8,"column":3}},"locations":[{"start":{"line":6,"column":63},"end":{"line":8,"column":3}}]},"4":{"type":"branch","line":8,"loc":{"start":{"line":8,"column":2},"end":{"line":9,"column":61}},"locations":[{"start":{"line":8,"column":2},"end":{"line":9,"column":61}}]},"5":{"type":"branch","line":9,"loc":{"start":{"line":9,"column":63},"end":{"line":12,"column":33}},"locations":[{"start":{"line":9,"column":63},"end":{"line":12,"column":33}}]},"6":{"type":"branch","line":12,"loc":{"start":{"line":12,"column":33},"end":{"line":16,"column":2}},"locations":[{"start":{"line":12,"column":33},"end":{"line":16,"column":2}}]},"7":{"type":"branch","line":18,"loc":{"start":{"line":18,"column":16},"end":{"line":23,"column":2}},"locations":[{"start":{"line":18,"column":16},"end":{"line":23,"column":2}}]},"8":{"type":"branch","line":21,"loc":{"start":{"line":21,"column":35},"end":{"line":21,"column":90}},"locations":[{"start":{"line":21,"column":35},"end":{"line":21,"column":90}}]}},"b":{"0":[6],"1":[5],"2":[1],"3":[1],"4":[4],"5":[2],"6":[1],"7":[1],"8":[5]},"fnMap":{"0":{"name":"genStr","decl":{"start":{"line":3,"column":15},"end":{"line":3,"column":73}},"loc":{"start":{"line":3,"column":15},"end":{"line":3,"column":73}},"line":3},"1":{"name":"differenceForKey","decl":{"start":{"line":5,"column":25},"end":{"line":16,"column":2}},"loc":{"start":{"line":5,"column":25},"end":{"line":16,"column":2}},"line":5},"2":{"name":"compare","decl":{"start":{"line":18,"column":16},"end":{"line":23,"column":2}},"loc":{"start":{"line":18,"column":16},"end":{"line":23,"column":2}},"line":18}},"f":{"0":6,"1":5,"2":1}}
,"/home/maria/Hexlet projects/frontend-project-46/src/index.js": {"path":"/home/maria/Hexlet projects/frontend-project-46/src/index.js","all":false,"statementMap":{"0":{"start":{"line":1,"column":0},"end":{"line":1,"column":20}},"1":{"start":{"line":2,"column":0},"end":{"line":2,"column":24}},"2":{"start":{"line":3,"column":0},"end":{"line":3,"column":35}},"3":{"start":{"line":4,"column":0},"end":{"line":4,"column":32}},"4":{"start":{"line":5,"column":0},"end":{"line":5,"column":0}},"5":{"start":{"line":6,"column":0},"end":{"line":6,"column":60}},"6":{"start":{"line":7,"column":0},"end":{"line":7,"column":58}},"7":{"start":{"line":8,"column":0},"end":{"line":8,"column":56}},"8":{"start":{"line":9,"column":0},"end":{"line":9,"column":0}},"9":{"start":{"line":10,"column":0},"end":{"line":10,"column":35}},"10":{"start":{"line":11,"column":0},"end":{"line":11,"column":32}},"11":{"start":{"line":12,"column":0},"end":{"line":12,"column":32}},"12":{"start":{"line":13,"column":0},"end":{"line":13,"column":54}},"13":{"start":{"line":14,"column":0},"end":{"line":14,"column":54}},"14":{"start":{"line":15,"column":0},"end":{"line":15,"column":51}},"15":{"start":{"line":16,"column":0},"end":{"line":16,"column":16}},"16":{"start":{"line":17,"column":0},"end":{"line":17,"column":2}},"17":{"start":{"line":18,"column":0},"end":{"line":18,"column":0}},"18":{"start":{"line":19,"column":0},"end":{"line":19,"column":23}}},"s":{"0":1,"1":1,"2":1,"3":1,"4":1,"5":1,"6":1,"7":1,"8":1,"9":1,"10":1,"11":1,"12":1,"13":1,"14":1,"15":1,"16":1,"17":1,"18":1},"branchMap":{"0":{"type":"branch","line":6,"loc":{"start":{"line":6,"column":17},"end":{"line":6,"column":59}},"locations":[{"start":{"line":6,"column":17},"end":{"line":6,"column":59}}]},"1":{"type":"branch","line":7,"loc":{"start":{"line":7,"column":18},"end":{"line":7,"column":57}},"locations":[{"start":{"line":7,"column":18},"end":{"line":7,"column":57}}]},"2":{"type":"branch","line":8,"loc":{"start":{"line":8,"column":20},"end":{"line":8,"column":55}},"locations":[{"start":{"line":8,"column":20},"end":{"line":8,"column":55}}]},"3":{"type":"branch","line":10,"loc":{"start":{"line":10,"column":16},"end":{"line":17,"column":2}},"locations":[{"start":{"line":10,"column":16},"end":{"line":17,"column":2}}]}},"b":{"0":[2],"1":[2],"2":[2],"3":[1]},"fnMap":{"0":{"name":"getPath","decl":{"start":{"line":6,"column":17},"end":{"line":6,"column":59}},"loc":{"start":{"line":6,"column":17},"end":{"line":6,"column":59}},"line":6},"1":{"name":"readFile","decl":{"start":{"line":7,"column":18},"end":{"line":7,"column":57}},"loc":{"start":{"line":7,"column":18},"end":{"line":7,"column":57}},"line":7},"2":{"name":"getfFormat","decl":{"start":{"line":8,"column":20},"end":{"line":8,"column":55}},"loc":{"start":{"line":8,"column":20},"end":{"line":8,"column":55}},"line":8},"3":{"name":"genDiff","decl":{"start":{"line":10,"column":16},"end":{"line":17,"column":2}},"loc":{"start":{"line":10,"column":16},"end":{"line":17,"column":2}},"line":10}},"f":{"0":2,"1":2,"2":2,"3":1}}
,"/home/maria/Hexlet projects/frontend-project-46/src/parser.js": {"path":"/home/maria/Hexlet projects/frontend-project-46/src/parser.js","all":false,"statementMap":{"0":{"start":{"line":1,"column":0},"end":{"line":1,"column":27}},"1":{"start":{"line":2,"column":0},"end":{"line":2,"column":0}},"2":{"start":{"line":3,"column":0},"end":{"line":3,"column":31}},"3":{"start":{"line":4,"column":0},"end":{"line":4,"column":24}},"4":{"start":{"line":5,"column":0},"end":{"line":5,"column":28}},"5":{"start":{"line":6,"column":0},"end":{"line":6,"column":3}},"6":{"start":{"line":7,"column":0},"end":{"line":7,"column":42}},"7":{"start":{"line":8,"column":0},"end":{"line":8,"column":27}},"8":{"start":{"line":9,"column":0},"end":{"line":9,"column":3}},"9":{"start":{"line":10,"column":0},"end":{"line":10,"column":42}},"10":{"start":{"line":11,"column":0},"end":{"line":11,"column":2}},"11":{"start":{"line":12,"column":0},"end":{"line":12,"column":0}},"12":{"start":{"line":13,"column":0},"end":{"line":13,"column":21}}},"s":{"0":1,"1":1,"2":1,"3":2,"4":2,"5":2,"6":2,"7":0,"8":0,"9":0,"10":0,"11":1,"12":1},"branchMap":{"0":{"type":"branch","line":3,"loc":{"start":{"line":3,"column":14},"end":{"line":11,"column":2}},"locations":[{"start":{"line":3,"column":14},"end":{"line":11,"column":2}}]},"1":{"type":"branch","line":6,"loc":{"start":{"line":6,"column":2},"end":{"line":7,"column":39}},"locations":[{"start":{"line":6,"column":2},"end":{"line":7,"column":39}}]},"2":{"type":"branch","line":7,"loc":{"start":{"line":7,"column":41},"end":{"line":11,"column":2}},"locations":[{"start":{"line":7,"column":41},"end":{"line":11,"column":2}}]}},"b":{"0":[2],"1":[0],"2":[0]},"fnMap":{"0":{"name":"parse","decl":{"start":{"line":3,"column":14},"end":{"line":11,"column":2}},"loc":{"start":{"line":3,"column":14},"end":{"line":11,"column":2}},"line":3}},"f":{"0":2}}
}
