TN:
SF:src/compare.js
FN:3,genStr
FN:5,differenceForKey
FN:18,compare
FNF:3
FNH:3
FNDA:6,genStr
FNDA:5,differenceForKey
FNDA:1,compare
DA:1,1
DA:2,1
DA:3,1
DA:4,1
DA:5,1
DA:6,5
DA:7,1
DA:8,1
DA:9,5
DA:10,2
DA:11,2
DA:12,5
DA:13,1
DA:14,1
DA:15,1
DA:16,1
DA:17,1
DA:18,1
DA:19,1
DA:20,1
DA:21,1
DA:22,1
DA:23,1
DA:24,1
DA:25,1
LF:25
LH:25
BRDA:3,0,0,6
BRDA:5,1,0,5
BRDA:6,2,0,1
BRDA:6,3,0,1
BRDA:8,4,0,4
BRDA:9,5,0,2
BRDA:12,6,0,1
BRDA:18,7,0,1
BRDA:21,8,0,5
BRF:9
BRH:9
end_of_record
TN:
SF:src/index.js
FN:6,getPath
FN:7,readFile
FN:8,getfFormat
FN:10,genDiff
FNF:4
FNH:4
FNDA:2,getPath
FNDA:2,readFile
FNDA:2,getfFormat
FNDA:1,genDiff
DA:1,1
DA:2,1
DA:3,1
DA:4,1
DA:5,1
DA:6,1
DA:7,1
DA:8,1
DA:9,1
DA:10,1
DA:11,1
DA:12,1
DA:13,1
DA:14,1
DA:15,1
DA:16,1
DA:17,1
DA:18,1
DA:19,1
LF:19
LH:19
BRDA:6,0,0,2
BRDA:7,1,0,2
BRDA:8,2,0,2
BRDA:10,3,0,1
BRF:4
BRH:4
end_of_record
TN:
SF:src/parser.js
FN:3,parse
FNF:1
FNH:1
FNDA:2,parse
DA:1,1
DA:2,1
DA:3,1
DA:4,2
DA:5,2
DA:6,2
DA:7,2
DA:8,0
DA:9,0
DA:10,0
DA:11,0
DA:12,1
DA:13,1
LF:13
LH:9
BRDA:3,0,0,2
BRDA:6,1,0,0
BRDA:7,2,0,0
BRF:3
BRH:1
end_of_record
